<?xml version="1.0" encoding="UTF-8"?>
<!-- Generated by org.testng.reporters.JUnitReportReporter -->
<testsuite hostname="LAPTOP-7F9IMRF" failures="0" tests="8" name="tests.LoginPageTest" time="42.183" errors="0" timestamp="2024-07-17T07:01:26 EET" skipped="0">
  <testcase classname="tests.LoginPageTest" name="loginWithBlankPassword" time="4.534"/>
  <system-out/>
  <testcase classname="tests.LoginPageTest" name="verifyLoginButton" time="4.809"/>
  <system-out/>
  <testcase classname="tests.LoginPageTest" name="loginWithBlankCredentials" time="5.363"/>
  <system-out/>
  <testcase classname="tests.LoginPageTest" name="loginWithBlankUsername" time="6.085"/>
  <system-out/>
  <testcase classname="tests.LoginPageTest" name="loginWithInvalidCredentials" time="8.295"/>
  <system-out/>
  <testcase classname="tests.LoginPageTest" name="verifyUsername" time="3.672"/>
  <system-out/>
  <testcase classname="tests.LoginPageTest" name="verifyPassword" time="4.470"/>
  <system-out/>
  <testcase classname="tests.LoginPageTest" name="loginWithValidCredentials" time="4.955"/>
  <system-out/>
</testsuite> <!-- tests.LoginPageTest -->
